[2026-04-26 18:17:54][ERROR] [2] Undefined array key "imagens" in C:\xampp\htdocs\overgrace\api\services\ProductService.php:324
[2026-04-26 18:17:54][ERROR] [2] foreach() argument must be of type array|object, null given in C:\xampp\htdocs\overgrace\api\services\ProductService.php:324
[2026-04-26 18:19:57][ERROR] [2] Undefined array key "imagens" in C:\xampp\htdocs\overgrace\api\services\ProductService.php:324
[2026-04-26 18:19:57][ERROR] [2] foreach() argument must be of type array|object, null given in C:\xampp\htdocs\overgrace\api\services\ProductService.php:324
[2026-04-26 18:32:21][ERROR] [2] Undefined array key "imagens" in C:\xampp\htdocs\overgrace\api\services\ProductService.php:324
[2026-04-26 18:32:21][ERROR] [2] foreach() argument must be of type array|object, null given in C:\xampp\htdocs\overgrace\api\services\ProductService.php:324
[2026-04-26 18:44:45][ERROR] [2] Undefined array key "imagens" in C:\xampp\htdocs\overgrace\api\services\ProductService.php:324
[2026-04-26 18:44:45][ERROR] [2] foreach() argument must be of type array|object, null given in C:\xampp\htdocs\overgrace\api\services\ProductService.php:324
[2026-04-26 18:52:33][ERROR] [2] Undefined array key "imagens" in C:\xampp\htdocs\overgrace\api\services\ProductService.php:324
[2026-04-26 18:52:33][ERROR] [2] foreach() argument must be of type array|object, null given in C:\xampp\htdocs\overgrace\api\services\ProductService.php:324
[2026-04-26 18:53:15][ERROR] [2] Undefined array key "imagens" in C:\xampp\htdocs\overgrace\api\services\ProductService.php:324
[2026-04-26 18:53:15][ERROR] [2] foreach() argument must be of type array|object, null given in C:\xampp\htdocs\overgrace\api\services\ProductService.php:324
[2026-04-26 19:28:55][ERROR] SQLSTATE[HY093]: Invalid parameter number: number of bound variables does not match number of tokens
[2026-04-26 21:44:20][ERROR] SQLSTATE[HY093]: Invalid parameter number: parameter was not defined
[2026-04-26 21:44:37][ERROR] SQLSTATE[HY093]: Invalid parameter number: parameter was not defined
[2026-04-26 21:46:09][ERROR] SQLSTATE[HY093]: Invalid parameter number: parameter was not defined
[2026-04-26 21:46:34][ERROR] SQLSTATE[HY093]: Invalid parameter number: parameter was not defined
[2026-04-26 21:46:40][ERROR] SQLSTATE[HY093]: Invalid parameter number: parameter was not defined
[2026-04-26 22:01:38][ERROR] SQLSTATE[42000]: Syntax error or access violation: 1064 You have an error in your SQL syntax; check the manual that corresponds to your MariaDB server version for the right syntax to use near 'AND p.deleted = 0
            ORDER BY p.id DESC
            LIMIT 10 OFFSET 0' at line 12
[2026-04-26 22:10:12][ERROR] SQLSTATE[42000]: Syntax error or access violation: 1064 You have an error in your SQL syntax; check the manual that corresponds to your MariaDB server version for the right syntax to use near 'WHERE deleted_at IS NULL
            ORDER BY p.id DESC
            LIMIT 1...' at line 11
[2026-04-26 22:10:44][ERROR] SQLSTATE[42000]: Syntax error or access violation: 1064 You have an error in your SQL syntax; check the manual that corresponds to your MariaDB server version for the right syntax to use near 'WHERE deleted_at IS NULL
            ORDER BY p.id DESC
            LIMIT 1...' at line 11
[2026-04-26 18:20:41][ERROR] [2] Array to string conversion in C:\xampp\htdocs\overgrace\api\services\ProductService.php:479
[2026-04-26 18:20:41][ERROR] [2] Array to string conversion in C:\xampp\htdocs\overgrace\api\services\ProductService.php:479
[2026-04-26 18:20:41][ERROR] SQLSTATE[23000]: Integrity constraint violation: 1062 Duplicate entry '15-Array' for key 'uk_produto_tamanho'
[2026-04-26 18:24:23][ERROR] SQLSTATE[42S22]: Column not found: 1054 Unknown column 'estoque_minimo' in 'field list'
[2026-04-27 07:29:34][ERROR] [2] Array to string conversion in C:\xampp\htdocs\overgrace\api\services\ProductService.php:91
[2026-04-27 07:29:34][ERROR] [2] Array to string conversion in C:\xampp\htdocs\overgrace\api\services\ProductService.php:91
[2026-04-27 09:55:09][ERROR] [2] require_once(api/modules/Products/StockController.php): Failed to open stream: No such file or directory in C:\xampp\htdocs\overgrace\api\core\Router.php:32
[2026-04-27 09:55:09][ERROR] Failed opening required 'api/modules/Products/StockController.php' (include_path='C:\xampp\php\PEAR')
[2026-04-27 09:57:15][ERROR] Class "StockController" not found
[2026-04-27 09:57:38][ERROR] Class "ProductService" not found
[2026-04-27 09:59:15][ERROR] Class "ProductService" not found
[2026-04-27 10:00:15][ERROR] Class "ProductService" not found
[2026-04-27 10:30:32][ERROR] SQLSTATE[42S22]: Column not found: 1054 Unknown column 'p.id' in 'on clause'
[2026-04-27 10:33:34][ERROR] SQLSTATE[42S22]: Column not found: 1054 Unknown column 'p.id' in 'on clause'
[2026-04-27 10:34:30][ERROR] SQLSTATE[42S22]: Column not found: 1054 Unknown column 'p.id' in 'on clause'
[2026-04-27 13:52:44][ERROR] call_user_func_array(): Argument #1 ($callback) must be a valid callback, class StockController does not have a method "update"
[2026-04-27 21:04:23][ERROR] SQLSTATE[42S22]: Column not found: 1054 Unknown column 'quantidade' in 'field list'
[2026-04-27 21:06:10][ERROR] SQLSTATE[HY093]: Invalid parameter number: number of bound variables does not match number of tokens
[2026-04-27 21:10:20][ERROR] SQLSTATE[42S22]: Column not found: 1054 Unknown column 'quantidade' in 'field list'
[2026-04-27 21:11:28][ERROR] SQLSTATE[23000]: Integrity constraint violation: 1062 Duplicate entry 'tenis-dc-classic' for key 'desc_slug'
[2026-04-27 21:16:08][ERROR] SQLSTATE[42S22]: Column not found: 1054 Unknown column 'quantidade' in 'field list'
[2026-04-27 21:18:52][ERROR] SQLSTATE[42S22]: Column not found: 1054 Unknown column 'quantidade' in 'field list'
[2026-04-27 21:26:44][ERROR] SQLSTATE[42S22]: Column not found: 1054 Unknown column 'quantidade' in 'field list'
[2026-04-27 21:28:13][ERROR] SQLSTATE[42S22]: Column not found: 1054 Unknown column 'estoque' in 'field list'
[2026-04-28 13:27:19][ERROR] [2] require(frontend/pages/pages/lista.php): Failed to open stream: No such file or directory in C:\xampp\htdocs\overgrace\index.php:187
[2026-04-28 13:27:19][ERROR] Failed opening required 'frontend/pages/pages/lista.php' (include_path='C:\xampp\php\PEAR')
[2026-04-28 13:31:16][ERROR] [2] require(frontend/pages/pages/lista.php): Failed to open stream: No such file or directory in C:\xampp\htdocs\overgrace\index.php:187
[2026-04-28 13:31:16][ERROR] Failed opening required 'frontend/pages/pages/lista.php' (include_path='C:\xampp\php\PEAR')
[2026-04-28 13:31:21][ERROR] [2] require(frontend/pages/pages/lista.php): Failed to open stream: No such file or directory in C:\xampp\htdocs\overgrace\index.php:187
[2026-04-28 13:31:21][ERROR] Failed opening required 'frontend/pages/pages/lista.php' (include_path='C:\xampp\php\PEAR')
[2026-04-28 13:34:08][ERROR] [2] require(frontend/pages/pages/produtos.php): Failed to open stream: No such file or directory in C:\xampp\htdocs\overgrace\index.php:187
[2026-04-28 13:34:08][ERROR] Failed opening required 'frontend/pages/pages/produtos.php' (include_path='C:\xampp\php\PEAR')
[2026-04-28 13:34:11][ERROR] [2] require(frontend/pages/pages/produtos.php): Failed to open stream: No such file or directory in C:\xampp\htdocs\overgrace\index.php:187
[2026-04-28 13:34:11][ERROR] Failed opening required 'frontend/pages/pages/produtos.php' (include_path='C:\xampp\php\PEAR')
